c:\users\rcs20\source\repos\sfml_game_cpts122pa9\sfml_game_cpts122pa9\debug\vc142.pdb
c:\users\rcs20\source\repos\sfml_game_cpts122pa9\sfml_game_cpts122pa9\debug\vc142.idb
c:\users\rcs20\source\repos\sfml_game_cpts122pa9\sfml_game_cpts122pa9\debug\projectile2.nativecodeanalysis.sarif
c:\users\rcs20\source\repos\sfml_game_cpts122pa9\sfml_game_cpts122pa9\debug\projectile2.nativecodeanalysis.xml
c:\users\rcs20\source\repos\sfml_game_cpts122pa9\sfml_game_cpts122pa9\debug\projectile.nativecodeanalysis.sarif
c:\users\rcs20\source\repos\sfml_game_cpts122pa9\sfml_game_cpts122pa9\debug\projectile.nativecodeanalysis.xml
c:\users\rcs20\source\repos\sfml_game_cpts122pa9\sfml_game_cpts122pa9\debug\player.nativecodeanalysis.sarif
c:\users\rcs20\source\repos\sfml_game_cpts122pa9\sfml_game_cpts122pa9\debug\player.nativecodeanalysis.xml
c:\users\rcs20\source\repos\sfml_game_cpts122pa9\sfml_game_cpts122pa9\debug\menu.nativecodeanalysis.sarif
c:\users\rcs20\source\repos\sfml_game_cpts122pa9\sfml_game_cpts122pa9\debug\menu.nativecodeanalysis.xml
c:\users\rcs20\source\repos\sfml_game_cpts122pa9\sfml_game_cpts122pa9\debug\main.nativecodeanalysis.sarif
c:\users\rcs20\source\repos\sfml_game_cpts122pa9\sfml_game_cpts122pa9\debug\main.nativecodeanalysis.xml
c:\users\rcs20\source\repos\sfml_game_cpts122pa9\sfml_game_cpts122pa9\debug\game.nativecodeanalysis.sarif
c:\users\rcs20\source\repos\sfml_game_cpts122pa9\sfml_game_cpts122pa9\debug\game.nativecodeanalysis.xml
c:\users\rcs20\source\repos\sfml_game_cpts122pa9\sfml_game_cpts122pa9\debug\enemy.nativecodeanalysis.sarif
c:\users\rcs20\source\repos\sfml_game_cpts122pa9\sfml_game_cpts122pa9\debug\enemy.nativecodeanalysis.xml
c:\users\rcs20\source\repos\sfml_game_cpts122pa9\sfml_game_cpts122pa9\debug\enemy.obj
c:\users\rcs20\source\repos\sfml_game_cpts122pa9\sfml_game_cpts122pa9\debug\game.obj
c:\users\rcs20\source\repos\sfml_game_cpts122pa9\sfml_game_cpts122pa9\debug\main.obj
c:\users\rcs20\source\repos\sfml_game_cpts122pa9\sfml_game_cpts122pa9\debug\menu.obj
c:\users\rcs20\source\repos\sfml_game_cpts122pa9\sfml_game_cpts122pa9\debug\player.obj
c:\users\rcs20\source\repos\sfml_game_cpts122pa9\sfml_game_cpts122pa9\debug\projectile.obj
c:\users\rcs20\source\repos\sfml_game_cpts122pa9\sfml_game_cpts122pa9\debug\projectile2.obj
c:\users\rcs20\source\repos\sfml_game_cpts122pa9\debug\sfml_game_cpts122pa9.ilk
c:\users\rcs20\source\repos\sfml_game_cpts122pa9\debug\sfml_game_cpts122pa9.exe
c:\users\rcs20\source\repos\sfml_game_cpts122pa9\debug\sfml_game_cpts122pa9.pdb
c:\users\rcs20\source\repos\sfml_game_cpts122pa9\sfml_game_cpts122pa9\debug\vc.nativecodeanalysis.all.xml
c:\users\rcs20\source\repos\sfml_game_cpts122pa9\sfml_game_cpts122pa9\debug\sfml_gam.5333bee8.tlog\cl.command.1.tlog
c:\users\rcs20\source\repos\sfml_game_cpts122pa9\sfml_game_cpts122pa9\debug\sfml_gam.5333bee8.tlog\cl.read.1.tlog
c:\users\rcs20\source\repos\sfml_game_cpts122pa9\sfml_game_cpts122pa9\debug\sfml_gam.5333bee8.tlog\cl.write.1.tlog
c:\users\rcs20\source\repos\sfml_game_cpts122pa9\sfml_game_cpts122pa9\debug\sfml_gam.5333bee8.tlog\link.command.1.tlog
c:\users\rcs20\source\repos\sfml_game_cpts122pa9\sfml_game_cpts122pa9\debug\sfml_gam.5333bee8.tlog\link.read.1.tlog
c:\users\rcs20\source\repos\sfml_game_cpts122pa9\sfml_game_cpts122pa9\debug\sfml_gam.5333bee8.tlog\link.write.1.tlog
